DEBUG Loaded flyctl config from/workspaces/tsm-shell/.fly_config/config.yml
DEBUG determined hostname: "codespaces-3243f7"
DEBUG determined working directory: "/workspaces/tsm-shell/.fly-build/tsm-honorhealth-dee"
DEBUG determined config directory: "/workspaces/tsm-shell/.fly_config"
DEBUG ensured config directory exists.
DEBUG ensured config directory perms.
DEBUG cache loaded.
DEBUG config initialized.
DEBUG skipped querying for new release
DEBUG checking for updates...
DEBUG client initialized.
DEBUG --> POST https://api.fly.io/graphql

DEBUG {
  "query": "query($admin: Boolean!) { organizations(admin: $admin) { nodes { id slug rawSlug name type paidPlan billable viewerRole internalNumericId } } }",
  "variables": {
    "admin": false
  }
}


DEBUG {}
DEBUG <-- 200 https://api.fly.io/graphql (189.3ms)

DEBUG   <-- https://api.fly.io/graphql: {"data":{"organizations":{"nodes":[{"id":"896mQD3oYX6ANTBln3aOD7GN5OcBM4RDl","slug":"personal","rawSlug":"latorrey-whitehead","name":"Latorrey Whitehead","type":"PERSONAL","paidPlan":true,"billable":true,"viewerRole":"admin","internalNumericId":"1592053"}]}}}
DEBUG Attempting to upgrade authentication token
DEBUG Request:https://api.fly.io/aaa/v1/.well-known/macfly/3p
DEBUG --> POST https://api.fly.io/graphql

DEBUG Starting task manager
DEBUG monitoring tokens at /workspaces/tsm-shell/.fly_config/config.yml
DEBUG {
  "query": "query($admin: Boolean!) { organizations(admin: $admin) { nodes { id slug rawSlug name type paidPlan billable viewerRole internalNumericId } } }",
  "variables": {
    "admin": false
  }
}


DEBUG {}
DEBUG <-- 200 https://api.fly.io/graphql (235.35ms)

DEBUG   <-- https://api.fly.io/graphql: {"data":{"organizations":{"nodes":[{"id":"896mQD3oYX6ANTBln3aOD7GN5OcBM4RDl","slug":"personal","rawSlug":"latorrey-whitehead","name":"Latorrey Whitehead","type":"PERSONAL","paidPlan":true,"billable":true,"viewerRole":"admin","internalNumericId":"1592053"}]}}}
DEBUG --> POST https://api.fly.io/graphql

DEBUG {
  "query": "mutation($input: CreateAppInput!) { createApp(input: $input) { app { id name organization { slug } config { definition } regions { name code } } } }",
  "variables": {
    "input": {
      "organizationId": "896mQD3oYX6ANTBln3aOD7GN5OcBM4RDl",
      "name": "tsm-honorhealth-dee",
      "machines": true
    }
  }
}


DEBUG {}
DEBUG <-- 200 https://api.fly.io/graphql (705.49ms)

DEBUG   <-- https://api.fly.io/graphql: {"data":{"createApp":null},"errors":[{"message":"Validation failed: Name has already been taken","locations":[{"line":1,"column":37}],"path":["createApp"],"extensions":{"code":"UNPROCESSABLE"}}]}
DEBUG Task manager done
DEBUG done monitoring tokens
