DEBUG Loaded flyctl config from/workspaces/tsm-shell/.fly_config/config.yml
DEBUG determined hostname: "codespaces-3243f7"
DEBUG determined working directory: "/workspaces/tsm-shell/.fly-build/strategist"
DEBUG determined config directory: "/workspaces/tsm-shell/.fly_config"
DEBUG ensured config directory exists.
DEBUG ensured config directory perms.
DEBUG cache loaded.
DEBUG config initialized.
DEBUG skipped querying for new release
DEBUG checking for updates...
DEBUG client initialized.
DEBUG --> POST https://api.fly.io/graphql

DEBUG {
  "query": "query($admin: Boolean!) { organizations(admin: $admin) { nodes { id slug rawSlug name type paidPlan billable viewerRole internalNumericId } } }",
  "variables": {
    "admin": false
  }
}


DEBUG {}
DEBUG <-- 200 https://api.fly.io/graphql (151.1ms)

DEBUG   <-- https://api.fly.io/graphql: {"data":{"organizations":{"nodes":[{"id":"896mQD3oYX6ANTBln3aOD7GN5OcBM4RDl","slug":"personal","rawSlug":"latorrey-whitehead","name":"Latorrey Whitehead","type":"PERSONAL","paidPlan":true,"billable":true,"viewerRole":"admin","internalNumericId":"1592053"}]}}}
DEBUG app config loaded from /workspaces/tsm-shell/.fly-build/strategist/fly.toml
DEBUG --> POST https://api.fly.io/graphql

DEBUG Starting task manager
DEBUG monitoring tokens at /workspaces/tsm-shell/.fly_config/config.yml
DEBUG {
  "query": "mutation($input: AllocateIPAddressInput!) { allocateIpAddress(input: $input) { app { sharedIpAddress } } }",
  "variables": {
    "input": {
      "appId": "strategist",
      "type": "shared_v4",
      "region": ""
    }
  }
}


DEBUG {}
DEBUG <-- 200 https://api.fly.io/graphql (473.87ms)

DEBUG   <-- https://api.fly.io/graphql: {"data":{"allocateIpAddress":{"app":{"sharedIpAddress":"66.241.124.202"}}}}
DEBUG Task manager done
DEBUG done monitoring tokens
