DEBUG Loaded flyctl config from/workspaces/tsm-shell/.fly/config.yml
DEBUG determined hostname: "codespaces-3243f7"
DEBUG determined working directory: "/workspaces/tsm-shell"
DEBUG determined config directory: "/workspaces/tsm-shell/.fly"
DEBUG ensured config directory exists.
DEBUG ensured config directory perms.
DEBUG cache loaded.
DEBUG config initialized.
DEBUG skipped querying for new release
DEBUG checking for updates...
DEBUG client initialized.
DEBUG --> POST https://api.fly.io/graphql

DEBUG {
  "query": "query($admin: Boolean!) { organizations(admin: $admin) { nodes { id slug rawSlug name type paidPlan billable viewerRole internalNumericId } } }",
  "variables": {
    "admin": false
  }
}


DEBUG {}
DEBUG <-- 200 https://api.fly.io/graphql (172.18ms)

DEBUG   <-- https://api.fly.io/graphql: {"data":{"organizations":{"nodes":[{"id":"896mQD3oYX6ANTBln3aOD7GN5OcBM4RDl","slug":"personal","rawSlug":"latorrey-whitehead","name":"Latorrey Whitehead","type":"PERSONAL","paidPlan":true,"billable":true,"viewerRole":"admin","internalNumericId":"1592053"}]}}}
DEBUG Starting task manager
DEBUG --> POST https://api.fly.io/graphql

DEBUG monitoring tokens at /workspaces/tsm-shell/.fly/config.yml
DEBUG {
  "query": "query { viewer { ... on User { id email enablePaidHobby } ... on Macaroon { email } } }",
  "variables": null
}


DEBUG {}
DEBUG <-- 200 https://api.fly.io/graphql (109.07ms)

DEBUG   <-- https://api.fly.io/graphql: {"data":{"viewer":{"id":"pQ5XmvOVX7QezHkeLR55","email":"latorreyw99@gmail.com","enablePaidHobby":true}}}
DEBUG Task manager done
DEBUG done monitoring tokens
DEBUG Config has metrics token

