DEBUG Loaded flyctl config from/workspaces/tsm-shell/.fly/config.yml
DEBUG determined hostname: "codespaces-3243f7"
DEBUG determined working directory: "/workspaces/tsm-shell"
DEBUG determined config directory: "/workspaces/tsm-shell/.fly"
DEBUG ensured config directory exists.
DEBUG ensured config directory perms.
DEBUG cache loaded.
DEBUG config initialized.
DEBUG skipped querying for new release
DEBUG checking for updates...
DEBUG started querying for statuspage incidents
DEBUG client initialized.
DEBUG app config loaded from /workspaces/tsm-shell/fly.toml
DEBUG started querying for host issues
DEBUG --> POST https://api.fly.io/graphql

DEBUG {
  "query": "query($admin: Boolean!) { organizations(admin: $admin) { nodes { id slug rawSlug name type paidPlan billable viewerRole internalNumericId } } }",
  "variables": {
    "admin": false
  }
}


DEBUG {}
DEBUG --> POST https://api.fly.io/graphql

DEBUG {
  "query": "query($appName: String!) { apphostissues:app(name: $appName) { hostIssues { nodes { internalId message createdAt updatedAt } } } }",
  "variables": {
    "appName": "healthcare-command"
  }
}


DEBUG {}
DEBUG <-- 200 https://api.fly.io/graphql (281.48ms)

DEBUG   <-- https://api.fly.io/graphql: {"data":{"apphostissues":{"hostIssues":{"nodes":[]}}}}
DEBUG <-- 200 https://api.fly.io/graphql (374.59ms)

DEBUG   <-- https://api.fly.io/graphql: {"data":{"organizations":{"nodes":[{"id":"896mQD3oYX6ANTBln3aOD7GN5OcBM4RDl","slug":"personal","rawSlug":"latorrey-whitehead","name":"Latorrey Whitehead","type":"PERSONAL","paidPlan":true,"billable":true,"viewerRole":"admin","internalNumericId":"1592053"}]}}}
DEBUG app config loaded from /workspaces/tsm-shell/fly.toml
DEBUG --> POST https://api.machines.dev/v1/apps/healthcare-command/certificates/acme

DEBUG Starting task manager
DEBUG monitoring tokens at /workspaces/tsm-shell/.fly/config.yml
DEBUG {
  "hostname": "hc-command.tsmatter.com"
}

DEBUG {0x265e5d2f91d0}
DEBUG <-- 201 https://api.machines.dev/v1/apps/healthcare-command/certificates/acme (1.6s)

DEBUG   <-- https://api.machines.dev/v1/apps/healthcare-command/certificates/acme: {"hostname":"hc-command.tsmatter.com","configured":false,"acme_requested":true,"status":"Awaiting configuration","dns_provider":"cloudflare","rate_limited_until":null,"certificates":[],"validation":{"dns_configured":false,"alpn_configured":false,"http_configured":false,"ownership_txt_configured":false},"dns_requirements":{"a":["66.241.124.68"],"aaaa":["2a09:8280:1::104:3eaa:0"],"cname":"9398glg.healthcare-command.fly.dev","acme_challenge":{"name":"_acme-challenge.hc-command.tsmatter.com","target":"hc-comman
DEBUG   <-- https://api.machines.dev/v1/apps/healthcare-command/certificates/acme: d.tsmatter.com.9398glg.flydns.net"},"ownership":{"name":"_fly-ownership.hc-command.tsmatter.com","app_value":"app-9398glg","org_value":"org-8mdw21"}},"validation_errors":[{"code":"DNS_RECORD_MISMATCH","message":"DNS records do not match the expected values","remediation":"Update your existing A, AAAA, or CNAME records to point to your app's IP addresses or hostname","timestamp":"2026-04-17T12:25:10.502Z"}]}
DEBUG Task manager done
DEBUG done monitoring tokens
DEBUG querying for host issues resulted to []
DEBUG querying for statuspage incidents resulted to &{[]}
