DEBUG Loaded flyctl config from/workspaces/tsm-shell/.fly/config.yml
DEBUG determined hostname: "codespaces-3243f7"
DEBUG determined working directory: "/workspaces/tsm-shell"
DEBUG determined config directory: "/workspaces/tsm-shell/.fly"
DEBUG ensured config directory exists.
DEBUG ensured config directory perms.
DEBUG cache loaded.
DEBUG config initialized.
DEBUG skipped querying for new release
DEBUG checking for updates...
DEBUG started querying for statuspage incidents
DEBUG client initialized.
DEBUG app config loaded from /workspaces/tsm-shell/fly.toml
DEBUG started querying for host issues
DEBUG --> POST https://api.fly.io/graphql

DEBUG --> POST https://api.fly.io/graphql

DEBUG {
  "query": "query($admin: Boolean!) { organizations(admin: $admin) { nodes { id slug rawSlug name type paidPlan billable viewerRole internalNumericId } } }",
  "variables": {
    "admin": false
  }
}


DEBUG {}
DEBUG {
  "query": "query($appName: String!) { apphostissues:app(name: $appName) { hostIssues { nodes { internalId message createdAt updatedAt } } } }",
  "variables": {
    "appName": "tsm-honorhealth"
  }
}


DEBUG {}
DEBUG <-- 200 https://api.fly.io/graphql (130.11ms)

DEBUG   <-- https://api.fly.io/graphql: {"data":{"organizations":{"nodes":[{"id":"896mQD3oYX6ANTBln3aOD7GN5OcBM4RDl","slug":"personal","rawSlug":"latorrey-whitehead","name":"Latorrey Whitehead","type":"PERSONAL","paidPlan":true,"billable":true,"viewerRole":"admin","internalNumericId":"1592053"}]}}}
DEBUG app config loaded from /workspaces/tsm-shell/fly.toml
DEBUG Starting task manager
DEBUG monitoring tokens at /workspaces/tsm-shell/.fly/config.yml
DEBUG --> POST https://api.machines.dev/v1/apps/tsm-honorhealth/certificates/acme

DEBUG {
  "hostname": "honorhealth.tsmatter.com"
}

DEBUG {0xdf2c49a3260}
DEBUG <-- 200 https://api.fly.io/graphql (196.26ms)

DEBUG   <-- https://api.fly.io/graphql: {"data":{"apphostissues":null},"errors":[{"message":"Could not find App \"tsm-honorhealth\"","locations":[{"line":1,"column":28}],"path":["apphostissues"],"extensions":{"code":"NOT_FOUND"}}]}
DEBUG failed querying for host issues: failed to run query($appName: String!) { apphostissues:app(name: $appName) { hostIssues { nodes { internalId message createdAt updatedAt } } } }: Could not find App "tsm-honorhealth"
DEBUG <-- 404 https://api.machines.dev/v1/apps/tsm-honorhealth/certificates/acme (215.93ms)

DEBUG   <-- https://api.machines.dev/v1/apps/tsm-honorhealth/certificates/acme: {"error":"app not found"}
DEBUG Task manager done
DEBUG done monitoring tokens
DEBUG querying for host issues resulted to []
DEBUG querying for statuspage incidents resulted to &{[]}
